<?xml version="1.0" encoding="UTF-8"?>
<testsuite name="org.example.market.MarketApplicationTests" tests="1" skipped="0" failures="0" errors="0" timestamp="2024-08-08T16:23:09" hostname="sehyunui-MacBookPro.local" time="0.922">
  <properties/>
  <testcase name="test()" classname="org.example.market.MarketApplicationTests" time="0.922"/>
  <system-out><![CDATA[01:23:07.601 [Test worker] INFO org.springframework.test.context.support.AnnotationConfigContextLoaderUtils -- Could not detect default configuration classes for test class [org.example.market.MarketApplicationTests]: MarketApplicationTests does not declare any static, non-private, non-final, nested classes annotated with @Configuration.
01:23:07.645 [Test worker] INFO org.springframework.boot.test.context.SpringBootTestContextBootstrapper -- Found @SpringBootConfiguration org.example.market.MarketApplication for test class org.example.market.MarketApplicationTests

  .   ____          _            __ _ _
 /\\ / ___'_ __ _ _(_)_ __  __ _ \ \ \ \
( ( )\___ | '_ | '_| | '_ \/ _` | \ \ \ \
 \\/  ___)| |_)| | | | | || (_| |  ) ) ) )
  '  |____| .__|_| |_|_| |_\__, | / / / /
 =========|_|==============|___/=/_/_/_/
 :: Spring Boot ::                (v3.2.6)

2024-08-09T01:23:07.833+09:00  INFO 59356 --- [    Test worker] o.example.market.MarketApplicationTests  : Starting MarketApplicationTests using Java 17.0.11 with PID 59356 (started by sehyun in /Users/sehyun/Desktop/market/market)
2024-08-09T01:23:07.834+09:00  INFO 59356 --- [    Test worker] o.example.market.MarketApplicationTests  : The following 1 profile is active: "test"
2024-08-09T01:23:08.121+09:00  INFO 59356 --- [    Test worker] .s.d.r.c.RepositoryConfigurationDelegate : Bootstrapping Spring Data JPA repositories in DEFAULT mode.
2024-08-09T01:23:08.148+09:00  INFO 59356 --- [    Test worker] .s.d.r.c.RepositoryConfigurationDelegate : Finished Spring Data repository scanning in 24 ms. Found 3 JPA repository interfaces.
2024-08-09T01:23:08.349+09:00  INFO 59356 --- [    Test worker] o.hibernate.jpa.internal.util.LogHelper  : HHH000204: Processing PersistenceUnitInfo [name: default]
2024-08-09T01:23:08.371+09:00  INFO 59356 --- [    Test worker] org.hibernate.Version                    : HHH000412: Hibernate ORM core version 6.4.8.Final
2024-08-09T01:23:08.388+09:00  INFO 59356 --- [    Test worker] o.h.c.internal.RegionFactoryInitiator    : HHH000026: Second-level cache disabled
2024-08-09T01:23:08.489+09:00  INFO 59356 --- [    Test worker] o.s.o.j.p.SpringPersistenceUnitInfo      : No LoadTimeWeaver setup: ignoring JPA class transformer
2024-08-09T01:23:08.499+09:00  INFO 59356 --- [    Test worker] com.zaxxer.hikari.HikariDataSource       : HikariPool-1 - Starting...
2024-08-09T01:23:08.540+09:00  INFO 59356 --- [    Test worker] com.zaxxer.hikari.pool.HikariPool        : HikariPool-1 - Added connection conn0: url=jdbc:h2:tcp://localhost/~/market user=SA
2024-08-09T01:23:08.541+09:00  INFO 59356 --- [    Test worker] com.zaxxer.hikari.HikariDataSource       : HikariPool-1 - Start completed.
2024-08-09T01:23:08.960+09:00  INFO 59356 --- [    Test worker] o.h.e.t.j.p.i.JtaPlatformInitiator       : HHH000489: No JTA platform available (set 'hibernate.transaction.jta.platform' to enable JTA platform integration)
2024-08-09T01:23:08.961+09:00  INFO 59356 --- [    Test worker] j.LocalContainerEntityManagerFactoryBean : Initialized JPA EntityManagerFactory for persistence unit 'default'
2024-08-09T01:23:09.142+09:00  WARN 59356 --- [    Test worker] JpaBaseConfiguration$JpaWebConfiguration : spring.jpa.open-in-view is enabled by default. Therefore, database queries may be performed during view rendering. Explicitly configure spring.jpa.open-in-view to disable this warning
2024-08-09T01:23:09.273+09:00  INFO 59356 --- [    Test worker] o.s.s.web.DefaultSecurityFilterChain     : Will secure any request with [org.springframework.security.web.session.DisableEncodeUrlFilter@715ea64a, org.springframework.security.web.context.request.async.WebAsyncManagerIntegrationFilter@1cbb394b, org.springframework.security.web.context.SecurityContextHolderFilter@3b863b4, org.springframework.security.web.header.HeaderWriterFilter@49f32bcb, org.springframework.web.filter.CorsFilter@1b4bc7b9, org.springframework.security.web.authentication.logout.LogoutFilter@456beb8b, org.example.market.jwt.JwtRequestFilter@7a91027c, org.springframework.security.web.savedrequest.RequestCacheAwareFilter@7e2c8622, org.springframework.security.web.servletapi.SecurityContextHolderAwareRequestFilter@4b02dc4e, org.springframework.security.web.authentication.AnonymousAuthenticationFilter@12d33d7a, org.springframework.security.web.session.SessionManagementFilter@60b8c05c, org.springframework.security.web.access.ExceptionTranslationFilter@523e019c, org.springframework.security.web.access.intercept.AuthorizationFilter@65011123]
2024-08-09T01:23:09.424+09:00  INFO 59356 --- [    Test worker] o.example.market.MarketApplicationTests  : Started MarketApplicationTests in 1.71 seconds (process running for 2.242)
2024-08-09T01:23:09.732+09:00  INFO 59356 --- [    Test worker] o.s.b.t.m.w.SpringBootMockServletContext : Initializing Spring TestDispatcherServlet ''
2024-08-09T01:23:09.732+09:00  INFO 59356 --- [    Test worker] o.s.t.web.servlet.TestDispatcherServlet  : Initializing Servlet ''
2024-08-09T01:23:09.733+09:00  INFO 59356 --- [    Test worker] o.s.t.web.servlet.TestDispatcherServlet  : Completed initialization in 1 ms
2024-08-09T01:23:09.740+09:00  WARN 59356 --- [    Test worker] o.s.w.s.h.HandlerMappingIntrospector     : Cache miss for REQUEST dispatch to '/auth/register' (previous null). Performing CorsConfiguration lookup. This is logged once only at WARN level, and every time at TRACE.
2024-08-09T01:23:10.306+09:00  INFO 59356 --- [    Test worker] o.example.market.service.ProductService  : 제품 등록 = org.example.market.domain.Product@69abff1d
]]></system-out>
  <system-err><![CDATA[]]></system-err>
</testsuite>
