<?xml version="1.0" encoding="UTF-8"?>
<testsuite name="org.example.market.controller.ProductControllerTest" tests="2" skipped="0" failures="0" errors="0" timestamp="2024-08-08T16:23:10" hostname="sehyunui-MacBookPro.local" time="0.031">
  <properties/>
  <testcase name="getProductById_Success()" classname="org.example.market.controller.ProductControllerTest" time="0.027"/>
  <testcase name="getProductById_NotFound()" classname="org.example.market.controller.ProductControllerTest" time="0.003"/>
  <system-out><![CDATA[2024-08-09T01:23:10.358+09:00  INFO 59356 --- [    Test worker] t.c.s.AnnotationConfigContextLoaderUtils : Could not detect default configuration classes for test class [org.example.market.controller.ProductControllerTest]: ProductControllerTest does not declare any static, non-private, non-final, nested classes annotated with @Configuration.
2024-08-09T01:23:10.367+09:00  INFO 59356 --- [    Test worker] .b.t.c.SpringBootTestContextBootstrapper : Found @SpringBootConfiguration org.example.market.MarketApplication for test class org.example.market.controller.ProductControllerTest

  .   ____          _            __ _ _
 /\\ / ___'_ __ _ _(_)_ __  __ _ \ \ \ \
( ( )\___ | '_ | '_| | '_ \/ _` | \ \ \ \
 \\/  ___)| |_)| | | | | || (_| |  ) ) ) )
  '  |____| .__|_| |_|_| |_\__, | / / / /
 =========|_|==============|___/=/_/_/_/
 :: Spring Boot ::                (v3.2.6)

2024-08-09T01:23:10.379+09:00  INFO 59356 --- [    Test worker] o.e.m.controller.ProductControllerTest   : Starting ProductControllerTest using Java 17.0.11 with PID 59356 (started by sehyun in /Users/sehyun/Desktop/market/market)
2024-08-09T01:23:10.379+09:00  INFO 59356 --- [    Test worker] o.e.m.controller.ProductControllerTest   : The following 1 profile is active: "test"
2024-08-09T01:23:10.630+09:00  INFO 59356 --- [    Test worker] o.s.s.web.DefaultSecurityFilterChain     : Will secure any request with [org.springframework.security.web.session.DisableEncodeUrlFilter@665f19d, org.springframework.security.web.context.request.async.WebAsyncManagerIntegrationFilter@4928a347, org.springframework.security.web.context.SecurityContextHolderFilter@71d3776, org.springframework.security.web.header.HeaderWriterFilter@135ddb56, org.springframework.web.filter.CorsFilter@1baf1268, org.springframework.security.web.authentication.logout.LogoutFilter@4c006046, org.example.market.jwt.JwtRequestFilter@2395c168, org.springframework.security.web.savedrequest.RequestCacheAwareFilter@5303762f, org.springframework.security.web.servletapi.SecurityContextHolderAwareRequestFilter@2ef99072, org.springframework.security.web.authentication.AnonymousAuthenticationFilter@6846e4e8, org.springframework.security.web.session.SessionManagementFilter@8508dae, org.springframework.security.web.access.ExceptionTranslationFilter@685783b1, org.springframework.security.web.access.intercept.AuthorizationFilter@6662af0a]
2024-08-09T01:23:10.654+09:00  INFO 59356 --- [    Test worker] o.s.b.t.m.w.SpringBootMockServletContext : Initializing Spring TestDispatcherServlet ''
2024-08-09T01:23:10.654+09:00  INFO 59356 --- [    Test worker] o.s.t.web.servlet.TestDispatcherServlet  : Initializing Servlet ''
2024-08-09T01:23:10.654+09:00  INFO 59356 --- [    Test worker] o.s.t.web.servlet.TestDispatcherServlet  : Completed initialization in 0 ms
2024-08-09T01:23:10.660+09:00  INFO 59356 --- [    Test worker] o.e.m.controller.ProductControllerTest   : Started ProductControllerTest in 0.291 seconds (process running for 3.478)
2024-08-09T01:23:10.678+09:00  WARN 59356 --- [    Test worker] o.s.w.s.h.HandlerMappingIntrospector     : Cache miss for REQUEST dispatch to '/product/1' (previous null). Performing CorsConfiguration lookup. This is logged once only at WARN level, and every time at TRACE.
]]></system-out>
  <system-err><![CDATA[]]></system-err>
</testsuite>
