<?xml version="1.0" encoding="UTF-8"?>
<testsuite name="org.example.market.service.ProductServiceTest" tests="6" skipped="0" failures="0" errors="0" timestamp="2024-08-08T16:23:11" hostname="sehyunui-MacBookPro.local" time="0.032">
  <properties/>
  <testcase name="판매자로 제품 검색" classname="org.example.market.service.ProductServiceTest" time="0.014"/>
  <testcase name="상태로 제품 검색" classname="org.example.market.service.ProductServiceTest" time="0.002"/>
  <testcase name="id로 제품 검색" classname="org.example.market.service.ProductServiceTest" time="0.004"/>
  <testcase name="모든 제품 검색" classname="org.example.market.service.ProductServiceTest" time="0.003"/>
  <testcase name="제품 예약하기" classname="org.example.market.service.ProductServiceTest" time="0.002"/>
  <testcase name="제품 판매 등록" classname="org.example.market.service.ProductServiceTest" time="0.004"/>
  <system-out><![CDATA[2024-08-09T01:23:10.698+09:00  INFO 59356 --- [    Test worker] t.c.s.AnnotationConfigContextLoaderUtils : Could not detect default configuration classes for test class [org.example.market.service.ProductServiceTest]: ProductServiceTest does not declare any static, non-private, non-final, nested classes annotated with @Configuration.
2024-08-09T01:23:10.702+09:00  INFO 59356 --- [    Test worker] .b.t.c.SpringBootTestContextBootstrapper : Found @SpringBootConfiguration org.example.market.MarketApplication for test class org.example.market.service.ProductServiceTest

  .   ____          _            __ _ _
 /\\ / ___'_ __ _ _(_)_ __  __ _ \ \ \ \
( ( )\___ | '_ | '_| | '_ \/ _` | \ \ \ \
 \\/  ___)| |_)| | | | | || (_| |  ) ) ) )
  '  |____| .__|_| |_|_| |_\__, | / / / /
 =========|_|==============|___/=/_/_/_/
 :: Spring Boot ::                (v3.2.6)

2024-08-09T01:23:10.714+09:00  INFO 59356 --- [    Test worker] o.e.market.service.ProductServiceTest    : Starting ProductServiceTest using Java 17.0.11 with PID 59356 (started by sehyun in /Users/sehyun/Desktop/market/market)
2024-08-09T01:23:10.714+09:00  INFO 59356 --- [    Test worker] o.e.market.service.ProductServiceTest    : The following 1 profile is active: "test"
2024-08-09T01:23:10.791+09:00  INFO 59356 --- [    Test worker] .s.d.r.c.RepositoryConfigurationDelegate : Bootstrapping Spring Data JPA repositories in DEFAULT mode.
2024-08-09T01:23:10.797+09:00  INFO 59356 --- [    Test worker] .s.d.r.c.RepositoryConfigurationDelegate : Finished Spring Data repository scanning in 5 ms. Found 3 JPA repository interfaces.
2024-08-09T01:23:10.901+09:00  INFO 59356 --- [    Test worker] o.hibernate.jpa.internal.util.LogHelper  : HHH000204: Processing PersistenceUnitInfo [name: default]
2024-08-09T01:23:10.903+09:00  INFO 59356 --- [    Test worker] o.h.c.internal.RegionFactoryInitiator    : HHH000026: Second-level cache disabled
2024-08-09T01:23:10.906+09:00  INFO 59356 --- [    Test worker] o.s.o.j.p.SpringPersistenceUnitInfo      : No LoadTimeWeaver setup: ignoring JPA class transformer
2024-08-09T01:23:10.907+09:00  INFO 59356 --- [    Test worker] com.zaxxer.hikari.HikariDataSource       : HikariPool-2 - Starting...
2024-08-09T01:23:10.911+09:00  INFO 59356 --- [    Test worker] com.zaxxer.hikari.pool.HikariPool        : HikariPool-2 - Added connection conn10: url=jdbc:h2:tcp://localhost/~/market user=SA
2024-08-09T01:23:10.911+09:00  INFO 59356 --- [    Test worker] com.zaxxer.hikari.HikariDataSource       : HikariPool-2 - Start completed.
2024-08-09T01:23:10.945+09:00  INFO 59356 --- [    Test worker] o.h.e.t.j.p.i.JtaPlatformInitiator       : HHH000489: No JTA platform available (set 'hibernate.transaction.jta.platform' to enable JTA platform integration)
2024-08-09T01:23:10.945+09:00  INFO 59356 --- [    Test worker] j.LocalContainerEntityManagerFactoryBean : Initialized JPA EntityManagerFactory for persistence unit 'default'
2024-08-09T01:23:10.980+09:00  WARN 59356 --- [    Test worker] JpaBaseConfiguration$JpaWebConfiguration : spring.jpa.open-in-view is enabled by default. Therefore, database queries may be performed during view rendering. Explicitly configure spring.jpa.open-in-view to disable this warning
2024-08-09T01:23:11.038+09:00  INFO 59356 --- [    Test worker] o.s.s.web.DefaultSecurityFilterChain     : Will secure any request with [org.springframework.security.web.session.DisableEncodeUrlFilter@73131043, org.springframework.security.web.context.request.async.WebAsyncManagerIntegrationFilter@5af2bc6, org.springframework.security.web.context.SecurityContextHolderFilter@43eb581d, org.springframework.security.web.header.HeaderWriterFilter@5979d0a5, org.springframework.web.filter.CorsFilter@43f13160, org.springframework.security.web.authentication.logout.LogoutFilter@47362f88, org.example.market.jwt.JwtRequestFilter@2a25dd06, org.springframework.security.web.savedrequest.RequestCacheAwareFilter@23ccdee9, org.springframework.security.web.servletapi.SecurityContextHolderAwareRequestFilter@34a7decd, org.springframework.security.web.authentication.AnonymousAuthenticationFilter@5018b648, org.springframework.security.web.session.SessionManagementFilter@33d2e82, org.springframework.security.web.access.ExceptionTranslationFilter@e0dc940, org.springframework.security.web.access.intercept.AuthorizationFilter@8936d23]
2024-08-09T01:23:11.092+09:00  INFO 59356 --- [    Test worker] o.e.market.service.ProductServiceTest    : Started ProductServiceTest in 0.388 seconds (process running for 3.91)
2024-08-09T01:23:11.124+09:00  INFO 59356 --- [    Test worker] o.example.market.service.ProductService  : 제품 등록 = org.example.market.domain.Product@366a5b35
]]></system-out>
  <system-err><![CDATA[]]></system-err>
</testsuite>
